<?xml version="1.0" encoding="UTF-8"?>
<robot generator="Robot 6.1.1 (Python 3.10.5 on win32)" generated="20251005 14:56:34.079" rpa="false" schemaversion="4">
<suite id="s1" name="Tests" source="D:\Logique\lelangmobilku-web-automation\Tests">
<suite id="s1-s1" name="Deposit Test" source="D:\Logique\lelangmobilku-web-automation\Tests\deposit_test.robot">
<test id="s1-s1-t1" name="User Can Navigate To Deposit Module" line="9">
<kw name="Given Open Browser To Lelangmobilku" library="browser_keywords">
<kw name="Open Browser" library="SeleniumLibrary">
<arg>https://jkt:RsonSmW7UgLUKm9@auction.lelangmobilku.co.id</arg>
<arg>chrome</arg>
<doc>Opens a new browser instance to the optional ``url``.</doc>
<msg timestamp="20251005 14:56:34.672" level="INFO">Opening browser 'chrome' to base url 'https://jkt:RsonSmW7UgLUKm9@auction.lelangmobilku.co.id'.</msg>
<status status="PASS" starttime="20251005 14:56:34.671" endtime="20251005 14:56:36.525"/>
</kw>
<kw name="Maximize Browser Window" library="SeleniumLibrary">
<doc>Maximizes current browser window.</doc>
<status status="PASS" starttime="20251005 14:56:36.526" endtime="20251005 14:56:36.590"/>
</kw>
<status status="PASS" starttime="20251005 14:56:34.671" endtime="20251005 14:56:36.591"/>
</kw>
<kw name="When Login With Valid Credential" library="login_keywords">
<kw name="Wait Until Element Is Visible" library="SeleniumLibrary">
<arg>${Login_header}</arg>
<arg>15s</arg>
<doc>Waits until the element ``locator`` is visible.</doc>
<status status="PASS" starttime="20251005 14:56:36.592" endtime="20251005 14:56:36.624"/>
</kw>
<kw name="Element Should Be Visible" library="SeleniumLibrary">
<arg>${Login_header}</arg>
<doc>Verifies that the element identified by ``locator`` is visible.</doc>
<msg timestamp="20251005 14:56:36.640" level="INFO">Element '//h1[text()="Selamat Datang"]' is displayed.</msg>
<status status="PASS" starttime="20251005 14:56:36.625" endtime="20251005 14:56:36.640"/>
</kw>
<kw name="Wait Until Element Is Visible" library="SeleniumLibrary">
<arg>${email_field}</arg>
<arg>15s</arg>
<doc>Waits until the element ``locator`` is visible.</doc>
<status status="PASS" starttime="20251005 14:56:36.641" endtime="20251005 14:56:36.654"/>
</kw>
<kw name="Input Text" library="SeleniumLibrary">
<arg>${email_field}</arg>
<arg>${valid_email}</arg>
<doc>Types the given ``text`` into the text field identified by ``locator``.</doc>
<msg timestamp="20251005 14:56:36.655" level="INFO">Typing text 'jenartest1@yopmail.com' into text field '//input[@name='email' or @type='email']'.</msg>
<status status="PASS" starttime="20251005 14:56:36.655" endtime="20251005 14:56:36.744"/>
</kw>
<kw name="Input Text" library="SeleniumLibrary">
<arg>${password_field}</arg>
<arg>${valid_password}</arg>
<doc>Types the given ``text`` into the text field identified by ``locator``.</doc>
<msg timestamp="20251005 14:56:36.747" level="INFO">Typing text 'jenar123' into text field '//input[@name='password' or @type='password']'.</msg>
<status status="PASS" starttime="20251005 14:56:36.745" endtime="20251005 14:56:36.811"/>
</kw>
<kw name="Log To Console" library="BuiltIn">
<arg>⚠️ Please complete CAPTCHA manually (I’m not a robot)</arg>
<doc>Logs the given message to the console.</doc>
<status status="PASS" starttime="20251005 14:56:36.812" endtime="20251005 14:56:36.812"/>
</kw>
<kw name="Sleep" library="BuiltIn">
<arg>25s</arg>
<doc>Pauses the test executed for the given time.</doc>
<msg timestamp="20251005 14:57:01.827" level="INFO">Slept 25 seconds</msg>
<status status="PASS" starttime="20251005 14:56:36.812" endtime="20251005 14:57:01.827"/>
</kw>
<kw name="Click Element" library="SeleniumLibrary">
<arg>${syarat_dan_ketentuan}</arg>
<doc>Click the element identified by ``locator``.</doc>
<msg timestamp="20251005 14:57:01.831" level="INFO">Clicking element '//input[@id="remember_me"]'.</msg>
<status status="PASS" starttime="20251005 14:57:01.830" endtime="20251005 14:57:01.901"/>
</kw>
<kw name="Click Element" library="SeleniumLibrary">
<arg>${login_button}</arg>
<doc>Click the element identified by ``locator``.</doc>
<msg timestamp="20251005 14:57:01.902" level="INFO">Clicking element '//button[contains(.,'Masuk') or contains(.,'Login')]'.</msg>
<status status="PASS" starttime="20251005 14:57:01.902" endtime="20251005 14:57:01.952"/>
</kw>
<status status="PASS" starttime="20251005 14:56:36.591" endtime="20251005 14:57:01.953"/>
</kw>
<kw name="And Navigate and verify user sukses login and see the &quot;Profile Saya&quot; Page at Data Diri" library="profile_keywords">
<kw name="Wait Until Element Is Visible" library="SeleniumLibrary">
<arg>${profile_saya}</arg>
<arg>15s</arg>
<doc>Waits until the element ``locator`` is visible.</doc>
<status status="PASS" starttime="20251005 14:57:01.954" endtime="20251005 14:57:02.616"/>
</kw>
<kw name="Wait Until Element Is Visible" library="SeleniumLibrary">
<arg>${data_pribadi}</arg>
<arg>15s</arg>
<doc>Waits until the element ``locator`` is visible.</doc>
<status status="PASS" starttime="20251005 14:57:02.616" endtime="20251005 14:57:02.629"/>
</kw>
<kw name="Element Should Contain" library="SeleniumLibrary">
<arg>${data_pribadi}</arg>
<arg>Data Pribadi</arg>
<doc>Verifies that element ``locator`` contains text ``expected``.</doc>
<msg timestamp="20251005 14:57:02.644" level="INFO">Element '//h2[text()="Data Pribadi"]' contains text 'Data Pribadi'.</msg>
<status status="PASS" starttime="20251005 14:57:02.629" endtime="20251005 14:57:02.644"/>
</kw>
<kw name="Capture Page Screenshot" library="SeleniumLibrary">
<doc>Takes a screenshot of the current page and embeds it into a log file.</doc>
<msg timestamp="20251005 14:57:02.807" level="INFO" html="true">&lt;/td&gt;&lt;/tr&gt;&lt;tr&gt;&lt;td colspan="3"&gt;&lt;a href="selenium-screenshot-14.png"&gt;&lt;img src="selenium-screenshot-14.png" width="800px"&gt;&lt;/a&gt;</msg>
<status status="PASS" starttime="20251005 14:57:02.645" endtime="20251005 14:57:02.807"/>
</kw>
<status status="PASS" starttime="20251005 14:57:01.953" endtime="20251005 14:57:02.809"/>
</kw>
<kw name="And Navigate To Deposit Page" library="deposit_keywords">
<kw name="Wait Until Element Is Visible" library="SeleniumLibrary">
<arg>${menu_deposit}</arg>
<arg>15s</arg>
<doc>Waits until the element ``locator`` is visible.</doc>
<status status="PASS" starttime="20251005 14:57:02.810" endtime="20251005 14:57:02.853"/>
</kw>
<kw name="Click Element" library="SeleniumLibrary">
<arg>${menu_deposit}</arg>
<doc>Click the element identified by ``locator``.</doc>
<msg timestamp="20251005 14:57:02.854" level="INFO">Clicking element '//a[text()="Deposit"]'.</msg>
<status status="PASS" starttime="20251005 14:57:02.854" endtime="20251005 14:57:02.910"/>
</kw>
<kw name="Capture Page Screenshot" library="SeleniumLibrary">
<doc>Takes a screenshot of the current page and embeds it into a log file.</doc>
<msg timestamp="20251005 14:57:03.043" level="INFO" html="true">&lt;/td&gt;&lt;/tr&gt;&lt;tr&gt;&lt;td colspan="3"&gt;&lt;a href="selenium-screenshot-15.png"&gt;&lt;img src="selenium-screenshot-15.png" width="800px"&gt;&lt;/a&gt;</msg>
<status status="PASS" starttime="20251005 14:57:02.911" endtime="20251005 14:57:03.044"/>
</kw>
<status status="PASS" starttime="20251005 14:57:02.810" endtime="20251005 14:57:03.044"/>
</kw>
<kw name="Then Verify User Is On Deposit Page" library="deposit_keywords">
<kw name="Wait Until Element Is Visible" library="SeleniumLibrary">
<arg>${deposit_page_title}</arg>
<arg>15s</arg>
<doc>Waits until the element ``locator`` is visible.</doc>
<status status="PASS" starttime="20251005 14:57:03.045" endtime="20251005 14:57:03.075"/>
</kw>
<kw name="Element Should Contain" library="SeleniumLibrary">
<arg>${deposit_page_title}</arg>
<arg>Deposit</arg>
<doc>Verifies that element ``locator`` contains text ``expected``.</doc>
<msg timestamp="20251005 14:57:03.095" level="INFO">Element '//h2[text()="Deposit"]' contains text 'Deposit'.</msg>
<status status="PASS" starttime="20251005 14:57:03.076" endtime="20251005 14:57:03.095"/>
</kw>
<kw name="Capture Page Screenshot" library="SeleniumLibrary">
<doc>Takes a screenshot of the current page and embeds it into a log file.</doc>
<msg timestamp="20251005 14:57:03.252" level="INFO" html="true">&lt;/td&gt;&lt;/tr&gt;&lt;tr&gt;&lt;td colspan="3"&gt;&lt;a href="selenium-screenshot-16.png"&gt;&lt;img src="selenium-screenshot-16.png" width="800px"&gt;&lt;/a&gt;</msg>
<status status="PASS" starttime="20251005 14:57:03.096" endtime="20251005 14:57:03.252"/>
</kw>
<status status="PASS" starttime="20251005 14:57:03.045" endtime="20251005 14:57:03.254"/>
</kw>
<kw name="Close the Browser" library="browser_keywords" type="TEARDOWN">
<kw name="Close All Browsers" library="SeleniumLibrary">
<doc>Closes all open browsers and resets the browser cache.</doc>
<status status="PASS" starttime="20251005 14:57:03.256" endtime="20251005 14:57:05.397"/>
</kw>
<status status="PASS" starttime="20251005 14:57:03.255" endtime="20251005 14:57:05.398"/>
</kw>
<status status="PASS" starttime="20251005 14:56:34.670" endtime="20251005 14:57:05.399"/>
</test>
<status status="PASS" starttime="20251005 14:56:34.130" endtime="20251005 14:57:05.409"/>
</suite>
<suite id="s1-s2" name="Login Test" source="D:\Logique\lelangmobilku-web-automation\Tests\login_test.robot">
<test id="s1-s2-t1" name="User Can Login With Valid Credential" line="8">
<kw name="Given Open Browser To Lelangmobilku" library="browser_keywords">
<kw name="Open Browser" library="SeleniumLibrary">
<arg>https://jkt:RsonSmW7UgLUKm9@auction.lelangmobilku.co.id</arg>
<arg>chrome</arg>
<doc>Opens a new browser instance to the optional ``url``.</doc>
<msg timestamp="20251005 14:57:05.441" level="INFO">Opening browser 'chrome' to base url 'https://jkt:RsonSmW7UgLUKm9@auction.lelangmobilku.co.id'.</msg>
<status status="PASS" starttime="20251005 14:57:05.439" endtime="20251005 14:57:07.194"/>
</kw>
<kw name="Maximize Browser Window" library="SeleniumLibrary">
<doc>Maximizes current browser window.</doc>
<status status="PASS" starttime="20251005 14:57:07.195" endtime="20251005 14:57:07.233"/>
</kw>
<status status="PASS" starttime="20251005 14:57:05.439" endtime="20251005 14:57:07.233"/>
</kw>
<kw name="When Login With Valid Credential" library="login_keywords">
<kw name="Wait Until Element Is Visible" library="SeleniumLibrary">
<arg>${Login_header}</arg>
<arg>15s</arg>
<doc>Waits until the element ``locator`` is visible.</doc>
<status status="PASS" starttime="20251005 14:57:07.234" endtime="20251005 14:57:07.466"/>
</kw>
<kw name="Element Should Be Visible" library="SeleniumLibrary">
<arg>${Login_header}</arg>
<doc>Verifies that the element identified by ``locator`` is visible.</doc>
<msg timestamp="20251005 14:57:07.484" level="INFO">Element '//h1[text()="Selamat Datang"]' is displayed.</msg>
<status status="PASS" starttime="20251005 14:57:07.468" endtime="20251005 14:57:07.484"/>
</kw>
<kw name="Wait Until Element Is Visible" library="SeleniumLibrary">
<arg>${email_field}</arg>
<arg>15s</arg>
<doc>Waits until the element ``locator`` is visible.</doc>
<status status="PASS" starttime="20251005 14:57:07.485" endtime="20251005 14:57:07.504"/>
</kw>
<kw name="Input Text" library="SeleniumLibrary">
<arg>${email_field}</arg>
<arg>${valid_email}</arg>
<doc>Types the given ``text`` into the text field identified by ``locator``.</doc>
<msg timestamp="20251005 14:57:07.506" level="INFO">Typing text 'jenartest1@yopmail.com' into text field '//input[@name='email' or @type='email']'.</msg>
<status status="PASS" starttime="20251005 14:57:07.505" endtime="20251005 14:57:07.602"/>
</kw>
<kw name="Input Text" library="SeleniumLibrary">
<arg>${password_field}</arg>
<arg>${valid_password}</arg>
<doc>Types the given ``text`` into the text field identified by ``locator``.</doc>
<msg timestamp="20251005 14:57:07.604" level="INFO">Typing text 'jenar123' into text field '//input[@name='password' or @type='password']'.</msg>
<status status="PASS" starttime="20251005 14:57:07.603" endtime="20251005 14:57:07.701"/>
</kw>
<kw name="Log To Console" library="BuiltIn">
<arg>⚠️ Please complete CAPTCHA manually (I’m not a robot)</arg>
<doc>Logs the given message to the console.</doc>
<status status="PASS" starttime="20251005 14:57:07.702" endtime="20251005 14:57:07.702"/>
</kw>
<kw name="Sleep" library="BuiltIn">
<arg>25s</arg>
<doc>Pauses the test executed for the given time.</doc>
<msg timestamp="20251005 14:57:32.709" level="INFO">Slept 25 seconds</msg>
<status status="PASS" starttime="20251005 14:57:07.703" endtime="20251005 14:57:32.709"/>
</kw>
<kw name="Click Element" library="SeleniumLibrary">
<arg>${syarat_dan_ketentuan}</arg>
<doc>Click the element identified by ``locator``.</doc>
<msg timestamp="20251005 14:57:32.712" level="INFO">Clicking element '//input[@id="remember_me"]'.</msg>
<status status="PASS" starttime="20251005 14:57:32.711" endtime="20251005 14:57:32.799"/>
</kw>
<kw name="Click Element" library="SeleniumLibrary">
<arg>${login_button}</arg>
<doc>Click the element identified by ``locator``.</doc>
<msg timestamp="20251005 14:57:32.800" level="INFO">Clicking element '//button[contains(.,'Masuk') or contains(.,'Login')]'.</msg>
<status status="PASS" starttime="20251005 14:57:32.800" endtime="20251005 14:57:32.844"/>
</kw>
<status status="PASS" starttime="20251005 14:57:07.233" endtime="20251005 14:57:32.844"/>
</kw>
<kw name="Then Navigate and verify user sukses login and see the &quot;Profile Saya&quot; Page at Data Diri" library="profile_keywords">
<kw name="Wait Until Element Is Visible" library="SeleniumLibrary">
<arg>${profile_saya}</arg>
<arg>15s</arg>
<doc>Waits until the element ``locator`` is visible.</doc>
<status status="PASS" starttime="20251005 14:57:32.845" endtime="20251005 14:57:33.301"/>
</kw>
<kw name="Wait Until Element Is Visible" library="SeleniumLibrary">
<arg>${data_pribadi}</arg>
<arg>15s</arg>
<doc>Waits until the element ``locator`` is visible.</doc>
<status status="PASS" starttime="20251005 14:57:33.301" endtime="20251005 14:57:33.348"/>
</kw>
<kw name="Element Should Contain" library="SeleniumLibrary">
<arg>${data_pribadi}</arg>
<arg>Data Pribadi</arg>
<doc>Verifies that element ``locator`` contains text ``expected``.</doc>
<msg timestamp="20251005 14:57:33.365" level="INFO">Element '//h2[text()="Data Pribadi"]' contains text 'Data Pribadi'.</msg>
<status status="PASS" starttime="20251005 14:57:33.350" endtime="20251005 14:57:33.365"/>
</kw>
<kw name="Capture Page Screenshot" library="SeleniumLibrary">
<doc>Takes a screenshot of the current page and embeds it into a log file.</doc>
<msg timestamp="20251005 14:57:33.564" level="INFO" html="true">&lt;/td&gt;&lt;/tr&gt;&lt;tr&gt;&lt;td colspan="3"&gt;&lt;a href="selenium-screenshot-17.png"&gt;&lt;img src="selenium-screenshot-17.png" width="800px"&gt;&lt;/a&gt;</msg>
<status status="PASS" starttime="20251005 14:57:33.366" endtime="20251005 14:57:33.564"/>
</kw>
<status status="PASS" starttime="20251005 14:57:32.845" endtime="20251005 14:57:33.565"/>
</kw>
<kw name="Close the Browser" library="browser_keywords" type="TEARDOWN">
<kw name="Close All Browsers" library="SeleniumLibrary">
<doc>Closes all open browsers and resets the browser cache.</doc>
<status status="PASS" starttime="20251005 14:57:33.567" endtime="20251005 14:57:35.722"/>
</kw>
<status status="PASS" starttime="20251005 14:57:33.566" endtime="20251005 14:57:35.723"/>
</kw>
<status status="PASS" starttime="20251005 14:57:05.438" endtime="20251005 14:57:35.724"/>
</test>
<status status="PASS" starttime="20251005 14:57:05.419" endtime="20251005 14:57:35.731"/>
</suite>
<suite id="s1-s3" name="Register Test" source="D:\Logique\lelangmobilku-web-automation\Tests\register_test.robot">
<test id="s1-s3-t1" name="User Can Register Successfully" line="7">
<kw name="Given Open Browser To Lelangmobilku" library="browser_keywords">
<kw name="Open Browser" library="SeleniumLibrary">
<arg>https://jkt:RsonSmW7UgLUKm9@auction.lelangmobilku.co.id</arg>
<arg>chrome</arg>
<doc>Opens a new browser instance to the optional ``url``.</doc>
<msg timestamp="20251005 14:57:36.298" level="INFO">Opening browser 'chrome' to base url 'https://jkt:RsonSmW7UgLUKm9@auction.lelangmobilku.co.id'.</msg>
<status status="PASS" starttime="20251005 14:57:36.297" endtime="20251005 14:57:38.277"/>
</kw>
<kw name="Maximize Browser Window" library="SeleniumLibrary">
<doc>Maximizes current browser window.</doc>
<status status="PASS" starttime="20251005 14:57:38.278" endtime="20251005 14:57:38.484"/>
</kw>
<status status="PASS" starttime="20251005 14:57:36.297" endtime="20251005 14:57:38.485"/>
</kw>
<kw name="When Go to Register Page" library="register_keywords">
<kw name="Wait Until Page Contains Element" library="SeleniumLibrary">
<arg>${daftar_akun_button}</arg>
<arg>10s</arg>
<doc>Waits until the element ``locator`` appears on the current page.</doc>
<status status="PASS" starttime="20251005 14:57:38.488" endtime="20251005 14:57:38.726"/>
</kw>
<kw name="Element Should Be Visible" library="SeleniumLibrary">
<arg>${daftar_akun_button}</arg>
<doc>Verifies that the element identified by ``locator`` is visible.</doc>
<msg timestamp="20251005 14:57:38.743" level="INFO">Element '//a[text()="Daftar Sekarang"]' is displayed.</msg>
<status status="PASS" starttime="20251005 14:57:38.726" endtime="20251005 14:57:38.744"/>
</kw>
<kw name="Click Element" library="SeleniumLibrary">
<arg>${daftar_akun_button}</arg>
<doc>Click the element identified by ``locator``.</doc>
<msg timestamp="20251005 14:57:38.745" level="INFO">Clicking element '//a[text()="Daftar Sekarang"]'.</msg>
<status status="PASS" starttime="20251005 14:57:38.745" endtime="20251005 14:57:38.798"/>
</kw>
<status status="PASS" starttime="20251005 14:57:38.486" endtime="20251005 14:57:38.799"/>
</kw>
<kw name="And Verify user is on Register Page" library="register_keywords">
<kw name="Wait Until Page Contains Element" library="SeleniumLibrary">
<arg>${title_page_register}</arg>
<arg>10s</arg>
<doc>Waits until the element ``locator`` appears on the current page.</doc>
<status status="PASS" starttime="20251005 14:57:38.800" endtime="20251005 14:57:39.236"/>
</kw>
<kw name="Element Should Be Visible" library="SeleniumLibrary">
<arg>${title_page_register}</arg>
<doc>Verifies that the element identified by ``locator`` is visible.</doc>
<msg timestamp="20251005 14:57:39.250" level="INFO">Element '//h1[text()="Form Pendaftaran"]' is displayed.</msg>
<status status="PASS" starttime="20251005 14:57:39.236" endtime="20251005 14:57:39.250"/>
</kw>
<status status="PASS" starttime="20251005 14:57:38.799" endtime="20251005 14:57:39.251"/>
</kw>
<kw name="And Fill Register Form in Data Diri with valid data" library="register_keywords">
<kw name="Generate Unique Email" library="utils_keywords">
<var>${email}</var>
<kw name="Generate Random String" library="String">
<var>${rand}</var>
<arg>6</arg>
<arg>[LETTERS]</arg>
<doc>Generates a string with a desired ``length`` from the given ``chars``.</doc>
<msg timestamp="20251005 14:57:39.253" level="INFO">${rand} = jXAByl</msg>
<status status="PASS" starttime="20251005 14:57:39.252" endtime="20251005 14:57:39.253"/>
</kw>
<kw name="Catenate" library="BuiltIn">
<var>${email}</var>
<arg>SEPARATOR=</arg>
<arg>jenar.test</arg>
<arg>${rand}</arg>
<arg>@example.com</arg>
<doc>Catenates the given items together and returns the resulted string.</doc>
<msg timestamp="20251005 14:57:39.254" level="INFO">${email} = jenar.testjXAByl@example.com</msg>
<status status="PASS" starttime="20251005 14:57:39.254" endtime="20251005 14:57:39.254"/>
</kw>
<msg timestamp="20251005 14:57:39.255" level="INFO">${email} = jenar.testjXAByl@example.com</msg>
<status status="PASS" starttime="20251005 14:57:39.252" endtime="20251005 14:57:39.255"/>
</kw>
<kw name="Input Text" library="SeleniumLibrary">
<arg>${first_name_field}</arg>
<arg>Jenar</arg>
<doc>Types the given ``text`` into the text field identified by ``locator``.</doc>
<msg timestamp="20251005 14:57:39.256" level="INFO">Typing text 'Jenar' into text field '//input[@placeholder="Nama Depan"]'.</msg>
<status status="PASS" starttime="20251005 14:57:39.255" endtime="20251005 14:57:39.343"/>
</kw>
<kw name="Input Text" library="SeleniumLibrary">
<arg>${last_name_field}</arg>
<arg>Kuswidiardi</arg>
<doc>Types the given ``text`` into the text field identified by ``locator``.</doc>
<msg timestamp="20251005 14:57:39.344" level="INFO">Typing text 'Kuswidiardi' into text field '//input[@placeholder="Nama Belakang"]'.</msg>
<status status="PASS" starttime="20251005 14:57:39.344" endtime="20251005 14:57:39.408"/>
</kw>
<kw name="Input Text" library="SeleniumLibrary">
<arg>${birth_place_field}</arg>
<arg>Pati</arg>
<doc>Types the given ``text`` into the text field identified by ``locator``.</doc>
<msg timestamp="20251005 14:57:39.410" level="INFO">Typing text 'Pati' into text field '//input[@placeholder="Tempat Lahir"]'.</msg>
<status status="PASS" starttime="20251005 14:57:39.409" endtime="20251005 14:57:39.462"/>
</kw>
<kw name="Click Element" library="SeleniumLibrary">
<arg>${birth_date_field}</arg>
<doc>Click the element identified by ``locator``.</doc>
<msg timestamp="20251005 14:57:39.465" level="INFO">Clicking element '(//input[@placeholder="DD/MM/YYYY"])[1]'.</msg>
<status status="PASS" starttime="20251005 14:57:39.463" endtime="20251005 14:57:39.550"/>
</kw>
<kw name="Click Element" library="SeleniumLibrary">
<arg>${birth_date_select_date}</arg>
<doc>Click the element identified by ``locator``.</doc>
<msg timestamp="20251005 14:57:39.552" level="INFO">Clicking element '//div[text()="1" and @class="dp__cell_inner dp__pointer dp__date_hover"]'.</msg>
<status status="PASS" starttime="20251005 14:57:39.551" endtime="20251005 14:57:39.622"/>
</kw>
<kw name="Click Element" library="SeleniumLibrary">
<arg>${birth_date_select_button}</arg>
<doc>Click the element identified by ``locator``.</doc>
<msg timestamp="20251005 14:57:39.623" level="INFO">Clicking element '//span[text()="Select"]'.</msg>
<status status="PASS" starttime="20251005 14:57:39.622" endtime="20251005 14:57:39.667"/>
</kw>
<kw name="Input Text" library="SeleniumLibrary">
<arg>${nomor_ktp_field}</arg>
<arg>3276012304980008</arg>
<doc>Types the given ``text`` into the text field identified by ``locator``.</doc>
<msg timestamp="20251005 14:57:39.670" level="INFO">Typing text '3276012304980008' into text field '//input[@placeholder="Nomor KTP"]'.</msg>
<status status="PASS" starttime="20251005 14:57:39.668" endtime="20251005 14:57:39.732"/>
</kw>
<kw name="Upload KTP File" library="upload_keywords">
<arg>Resources/TestFiles/ktp.jpg</arg>
<kw name="Get File Absolute Path" library="utils_keywords">
<var>${abs}</var>
<arg>${file_relative_path}</arg>
<kw name="Normalize Path" library="OperatingSystem">
<var>${abs}</var>
<arg>${EXECDIR}/${relative_path}</arg>
<doc>Normalizes the given path.</doc>
<msg timestamp="20251005 14:57:39.735" level="INFO">${abs} = D:\Logique\lelangmobilku-web-automation\Resources\TestFiles\ktp.jpg</msg>
<status status="PASS" starttime="20251005 14:57:39.733" endtime="20251005 14:57:39.735"/>
</kw>
<msg timestamp="20251005 14:57:39.735" level="INFO">${abs} = D:\Logique\lelangmobilku-web-automation\Resources\TestFiles\ktp.jpg</msg>
<status status="PASS" starttime="20251005 14:57:39.733" endtime="20251005 14:57:39.735"/>
</kw>
<kw name="Set Variable" library="BuiltIn">
<var>${locator}</var>
<arg>xpath=//input[@type='file' and (@name='uploadKtp' or contains(@placeholder,'Upload KTP'))]</arg>
<doc>Returns the given values which can then be assigned to a variables.</doc>
<msg timestamp="20251005 14:57:39.736" level="INFO">${locator} = xpath=//input[@type='file' and (@name='uploadKtp' or contains(@placeholder,'Upload KTP'))]</msg>
<status status="PASS" starttime="20251005 14:57:39.736" endtime="20251005 14:57:39.736"/>
</kw>
<kw name="File Should Exist" library="OperatingSystem">
<arg>${abs}</arg>
<doc>Fails unless the given ``path`` points to an existing file.</doc>
<msg timestamp="20251005 14:57:39.737" level="INFO" html="true">File '&lt;a href="file://D:\Logique\lelangmobilku-web-automation\Resources\TestFiles\ktp.jpg"&gt;D:\Logique\lelangmobilku-web-automation\Resources\TestFiles\ktp.jpg&lt;/a&gt;' exists.</msg>
<status status="PASS" starttime="20251005 14:57:39.737" endtime="20251005 14:57:39.737"/>
</kw>
<kw name="Execute Javascript" library="SeleniumLibrary">
<arg>var el=document.querySelector('input[name="uploadKtp"]');if(el){el.classList.remove('hidden');el.style.display='block';el.style.visibility='visible';}</arg>
<doc>Executes the given JavaScript code with possible arguments.</doc>
<msg timestamp="20251005 14:57:39.738" level="INFO">Executing JavaScript:
var el=document.querySelector('input[name="uploadKtp"]');if(el){el.classList.remove('hidden');el.style.display='block';el.style.visibility='visible';}
Without any arguments.</msg>
<status status="PASS" starttime="20251005 14:57:39.738" endtime="20251005 14:57:39.744"/>
</kw>
<kw name="Choose File" library="SeleniumLibrary">
<arg>${locator}</arg>
<arg>${abs}</arg>
<doc>Inputs the ``file_path`` into the file input field ``locator``.</doc>
<msg timestamp="20251005 14:57:39.746" level="INFO">Sending D:\Logique\lelangmobilku-web-automation\Resources\TestFiles\ktp.jpg to browser.</msg>
<status status="PASS" starttime="20251005 14:57:39.745" endtime="20251005 14:57:39.768"/>
</kw>
<kw name="Wait Until Page Contains Element" library="SeleniumLibrary">
<arg>xpath=//button[contains(.,'Upload File')]</arg>
<arg>10s</arg>
<doc>Waits until the element ``locator`` appears on the current page.</doc>
<status status="PASS" starttime="20251005 14:57:39.770" endtime="20251005 14:57:39.780"/>
</kw>
<kw name="Log To Console" library="BuiltIn">
<arg>✅ File ${abs} uploaded successfully.</arg>
<doc>Logs the given message to the console.</doc>
<status status="PASS" starttime="20251005 14:57:39.781" endtime="20251005 14:57:39.781"/>
</kw>
<status status="PASS" starttime="20251005 14:57:39.733" endtime="20251005 14:57:39.781"/>
</kw>
<kw name="Click Element" library="SeleniumLibrary">
<arg>${massa_berlaku_ktp_seumur_hidup_checkbox}</arg>
<doc>Click the element identified by ``locator``.</doc>
<msg timestamp="20251005 14:57:39.782" level="INFO">Clicking element '//input[@type="checkbox"]'.</msg>
<status status="PASS" starttime="20251005 14:57:39.781" endtime="20251005 14:57:39.834"/>
</kw>
<kw name="Click Element" library="SeleniumLibrary">
<arg>${provinsi_field}</arg>
<doc>Click the element identified by ``locator``.</doc>
<msg timestamp="20251005 14:57:39.837" level="INFO">Clicking element '//input[@aria-placeholder="Pilih Provinsi"]'.</msg>
<status status="PASS" starttime="20251005 14:57:39.836" endtime="20251005 14:57:39.886"/>
</kw>
<kw name="Sleep" library="BuiltIn">
<arg>2s</arg>
<doc>Pauses the test executed for the given time.</doc>
<msg timestamp="20251005 14:57:41.891" level="INFO">Slept 2 seconds</msg>
<status status="PASS" starttime="20251005 14:57:39.887" endtime="20251005 14:57:41.891"/>
</kw>
<kw name="Input Text" library="SeleniumLibrary">
<arg>${provinsi_field}</arg>
<arg>DI Yogyakarta</arg>
<doc>Types the given ``text`` into the text field identified by ``locator``.</doc>
<msg timestamp="20251005 14:57:41.895" level="INFO">Typing text 'DI Yogyakarta' into text field '//input[@aria-placeholder="Pilih Provinsi"]'.</msg>
<status status="PASS" starttime="20251005 14:57:41.894" endtime="20251005 14:57:41.958"/>
</kw>
<kw name="Press Keys" library="SeleniumLibrary">
<arg>NONE</arg>
<arg>ENTER</arg>
<doc>Simulates the user pressing key(s) to an element or on the active browser.</doc>
<msg timestamp="20251005 14:57:41.960" level="INFO">Sending key(s) ('ENTER',) to page.</msg>
<msg timestamp="20251005 14:57:41.960" level="INFO">Pressing special key ENTER to browser.</msg>
<msg timestamp="20251005 14:57:41.960" level="INFO">Releasing special key ENTER.</msg>
<status status="PASS" starttime="20251005 14:57:41.959" endtime="20251005 14:57:41.968"/>
</kw>
<kw name="Sleep" library="BuiltIn">
<arg>2s</arg>
<doc>Pauses the test executed for the given time.</doc>
<msg timestamp="20251005 14:57:43.981" level="INFO">Slept 2 seconds</msg>
<status status="PASS" starttime="20251005 14:57:41.970" endtime="20251005 14:57:43.981"/>
</kw>
<kw name="Click Element" library="SeleniumLibrary">
<arg>${kota_field}</arg>
<doc>Click the element identified by ``locator``.</doc>
<msg timestamp="20251005 14:57:43.985" level="INFO">Clicking element '//input[@aria-placeholder="Pilih Kota"]'.</msg>
<status status="PASS" starttime="20251005 14:57:43.984" endtime="20251005 14:57:44.050"/>
</kw>
<kw name="Sleep" library="BuiltIn">
<arg>5s</arg>
<doc>Pauses the test executed for the given time.</doc>
<msg timestamp="20251005 14:57:49.055" level="INFO">Slept 5 seconds</msg>
<status status="PASS" starttime="20251005 14:57:44.051" endtime="20251005 14:57:49.055"/>
</kw>
<kw name="Input Text" library="SeleniumLibrary">
<arg>${kota_field}</arg>
<arg>Yogyakarta</arg>
<doc>Types the given ``text`` into the text field identified by ``locator``.</doc>
<msg timestamp="20251005 14:57:49.056" level="INFO">Typing text 'Yogyakarta' into text field '//input[@aria-placeholder="Pilih Kota"]'.</msg>
<status status="PASS" starttime="20251005 14:57:49.056" endtime="20251005 14:57:49.100"/>
</kw>
<kw name="Press Keys" library="SeleniumLibrary">
<arg>NONE</arg>
<arg>ENTER</arg>
<doc>Simulates the user pressing key(s) to an element or on the active browser.</doc>
<msg timestamp="20251005 14:57:49.101" level="INFO">Sending key(s) ('ENTER',) to page.</msg>
<msg timestamp="20251005 14:57:49.101" level="INFO">Pressing special key ENTER to browser.</msg>
<msg timestamp="20251005 14:57:49.101" level="INFO">Releasing special key ENTER.</msg>
<status status="PASS" starttime="20251005 14:57:49.101" endtime="20251005 14:57:49.109"/>
</kw>
<kw name="Sleep" library="BuiltIn">
<arg>2s</arg>
<doc>Pauses the test executed for the given time.</doc>
<msg timestamp="20251005 14:57:51.121" level="INFO">Slept 2 seconds</msg>
<status status="PASS" starttime="20251005 14:57:49.110" endtime="20251005 14:57:51.121"/>
</kw>
<kw name="Input Text" library="SeleniumLibrary">
<arg>${alamat_domisili_field}</arg>
<arg>Jl. Raya No. 123</arg>
<doc>Types the given ``text`` into the text field identified by ``locator``.</doc>
<msg timestamp="20251005 14:57:51.123" level="INFO">Typing text 'Jl. Raya No. 123' into text field '(//textarea[@class="block w-full focus:outline-none leading-5 border border-primary-grey bg-primary-gray rounded p-3 focus:ring-1 focus:ring-primary disabled:cursor-not-allowed disabled:opacity-50 disabled:bg-gray-300 placeholder:text-gray-400 border-primary-grey min-h-[148px]"])[1]'.</msg>
<status status="PASS" starttime="20251005 14:57:51.123" endtime="20251005 14:57:51.180"/>
</kw>
<kw name="Input Text" library="SeleniumLibrary">
<arg>${nomor_telepon_field}</arg>
<arg>081223456708</arg>
<doc>Types the given ``text`` into the text field identified by ``locator``.</doc>
<msg timestamp="20251005 14:57:51.181" level="INFO">Typing text '081223456708' into text field '//input[@placeholder="Nomor Telepon"]'.</msg>
<status status="PASS" starttime="20251005 14:57:51.181" endtime="20251005 14:57:51.239"/>
</kw>
<kw name="Click Element" library="SeleniumLibrary">
<arg>${pekerjaan_field}</arg>
<doc>Click the element identified by ``locator``.</doc>
<msg timestamp="20251005 14:57:51.240" level="INFO">Clicking element '//input[@aria-placeholder="Pilih Pekerjaan"]'.</msg>
<status status="PASS" starttime="20251005 14:57:51.240" endtime="20251005 14:57:51.287"/>
</kw>
<kw name="Sleep" library="BuiltIn">
<arg>2s</arg>
<doc>Pauses the test executed for the given time.</doc>
<msg timestamp="20251005 14:57:53.296" level="INFO">Slept 2 seconds</msg>
<status status="PASS" starttime="20251005 14:57:51.288" endtime="20251005 14:57:53.296"/>
</kw>
<kw name="Input Text" library="SeleniumLibrary">
<arg>${pekerjaan_field}</arg>
<arg>Pegawai Swasta</arg>
<doc>Types the given ``text`` into the text field identified by ``locator``.</doc>
<msg timestamp="20251005 14:57:53.300" level="INFO">Typing text 'Pegawai Swasta' into text field '//input[@aria-placeholder="Pilih Pekerjaan"]'.</msg>
<status status="PASS" starttime="20251005 14:57:53.299" endtime="20251005 14:57:53.362"/>
</kw>
<kw name="Press Keys" library="SeleniumLibrary">
<arg>NONE</arg>
<arg>ENTER</arg>
<doc>Simulates the user pressing key(s) to an element or on the active browser.</doc>
<msg timestamp="20251005 14:57:53.363" level="INFO">Sending key(s) ('ENTER',) to page.</msg>
<msg timestamp="20251005 14:57:53.363" level="INFO">Pressing special key ENTER to browser.</msg>
<msg timestamp="20251005 14:57:53.363" level="INFO">Releasing special key ENTER.</msg>
<status status="PASS" starttime="20251005 14:57:53.363" endtime="20251005 14:57:53.368"/>
</kw>
<kw name="Sleep" library="BuiltIn">
<arg>2s</arg>
<doc>Pauses the test executed for the given time.</doc>
<msg timestamp="20251005 14:57:55.370" level="INFO">Slept 2 seconds</msg>
<status status="PASS" starttime="20251005 14:57:53.369" endtime="20251005 14:57:55.370"/>
</kw>
<kw name="Click Element" library="SeleniumLibrary">
<arg>${jenis_kendaraan_field}</arg>
<doc>Click the element identified by ``locator``.</doc>
<msg timestamp="20251005 14:57:55.373" level="INFO">Clicking element '//input[@aria-placeholder="Jenis Kendaraan"]'.</msg>
<status status="PASS" starttime="20251005 14:57:55.372" endtime="20251005 14:57:55.450"/>
</kw>
<kw name="Sleep" library="BuiltIn">
<arg>2s</arg>
<doc>Pauses the test executed for the given time.</doc>
<msg timestamp="20251005 14:57:57.465" level="INFO">Slept 2 seconds</msg>
<status status="PASS" starttime="20251005 14:57:55.451" endtime="20251005 14:57:57.465"/>
</kw>
<kw name="Input Text" library="SeleniumLibrary">
<arg>${jenis_kendaraan_field}</arg>
<arg>Mobil</arg>
<doc>Types the given ``text`` into the text field identified by ``locator``.</doc>
<msg timestamp="20251005 14:57:57.468" level="INFO">Typing text 'Mobil' into text field '//input[@aria-placeholder="Jenis Kendaraan"]'.</msg>
<status status="PASS" starttime="20251005 14:57:57.467" endtime="20251005 14:57:57.523"/>
</kw>
<kw name="Press Keys" library="SeleniumLibrary">
<arg>NONE</arg>
<arg>ENTER</arg>
<doc>Simulates the user pressing key(s) to an element or on the active browser.</doc>
<msg timestamp="20251005 14:57:57.525" level="INFO">Sending key(s) ('ENTER',) to page.</msg>
<msg timestamp="20251005 14:57:57.525" level="INFO">Pressing special key ENTER to browser.</msg>
<msg timestamp="20251005 14:57:57.525" level="INFO">Releasing special key ENTER.</msg>
<status status="PASS" starttime="20251005 14:57:57.524" endtime="20251005 14:57:57.532"/>
</kw>
<kw name="Sleep" library="BuiltIn">
<arg>2s</arg>
<doc>Pauses the test executed for the given time.</doc>
<msg timestamp="20251005 14:57:59.549" level="INFO">Slept 2 seconds</msg>
<status status="PASS" starttime="20251005 14:57:57.534" endtime="20251005 14:57:59.549"/>
</kw>
<kw name="Click Element" library="SeleniumLibrary">
<arg>${kendaraan_dicari_field}</arg>
<doc>Click the element identified by ``locator``.</doc>
<msg timestamp="20251005 14:57:59.554" level="INFO">Clicking element '//input[@aria-placeholder="Pilih Kendaraan"]'.</msg>
<status status="PASS" starttime="20251005 14:57:59.552" endtime="20251005 14:57:59.624"/>
</kw>
<kw name="Sleep" library="BuiltIn">
<arg>2s</arg>
<doc>Pauses the test executed for the given time.</doc>
<msg timestamp="20251005 14:58:01.636" level="INFO">Slept 2 seconds</msg>
<status status="PASS" starttime="20251005 14:57:59.625" endtime="20251005 14:58:01.636"/>
</kw>
<kw name="Input Text" library="SeleniumLibrary">
<arg>${kendaraan_dicari_field}</arg>
<arg>Kendaraan Penumpang</arg>
<doc>Types the given ``text`` into the text field identified by ``locator``.</doc>
<msg timestamp="20251005 14:58:01.639" level="INFO">Typing text 'Kendaraan Penumpang' into text field '//input[@aria-placeholder="Pilih Kendaraan"]'.</msg>
<status status="PASS" starttime="20251005 14:58:01.638" endtime="20251005 14:58:01.701"/>
</kw>
<kw name="Press Keys" library="SeleniumLibrary">
<arg>NONE</arg>
<arg>ENTER</arg>
<doc>Simulates the user pressing key(s) to an element or on the active browser.</doc>
<msg timestamp="20251005 14:58:01.703" level="INFO">Sending key(s) ('ENTER',) to page.</msg>
<msg timestamp="20251005 14:58:01.703" level="INFO">Pressing special key ENTER to browser.</msg>
<msg timestamp="20251005 14:58:01.703" level="INFO">Releasing special key ENTER.</msg>
<status status="PASS" starttime="20251005 14:58:01.702" endtime="20251005 14:58:01.709"/>
</kw>
<kw name="Sleep" library="BuiltIn">
<arg>2s</arg>
<doc>Pauses the test executed for the given time.</doc>
<msg timestamp="20251005 14:58:03.717" level="INFO">Slept 2 seconds</msg>
<status status="PASS" starttime="20251005 14:58:01.710" endtime="20251005 14:58:03.717"/>
</kw>
<kw name="Click Element" library="SeleniumLibrary">
<arg>${tujuan_beli_field}</arg>
<doc>Click the element identified by ``locator``.</doc>
<msg timestamp="20251005 14:58:03.722" level="INFO">Clicking element '//input[@aria-placeholder="Pilih Tujuan"]'.</msg>
<status status="PASS" starttime="20251005 14:58:03.720" endtime="20251005 14:58:03.793"/>
</kw>
<kw name="Sleep" library="BuiltIn">
<arg>2s</arg>
<doc>Pauses the test executed for the given time.</doc>
<msg timestamp="20251005 14:58:05.805" level="INFO">Slept 2 seconds</msg>
<status status="PASS" starttime="20251005 14:58:03.793" endtime="20251005 14:58:05.805"/>
</kw>
<kw name="Input Text" library="SeleniumLibrary">
<arg>${tujuan_beli_field}</arg>
<arg>Pribadi</arg>
<doc>Types the given ``text`` into the text field identified by ``locator``.</doc>
<msg timestamp="20251005 14:58:05.809" level="INFO">Typing text 'Pribadi' into text field '//input[@aria-placeholder="Pilih Tujuan"]'.</msg>
<status status="PASS" starttime="20251005 14:58:05.807" endtime="20251005 14:58:05.884"/>
</kw>
<kw name="Press Keys" library="SeleniumLibrary">
<arg>NONE</arg>
<arg>ENTER</arg>
<doc>Simulates the user pressing key(s) to an element or on the active browser.</doc>
<msg timestamp="20251005 14:58:05.886" level="INFO">Sending key(s) ('ENTER',) to page.</msg>
<msg timestamp="20251005 14:58:05.886" level="INFO">Pressing special key ENTER to browser.</msg>
<msg timestamp="20251005 14:58:05.886" level="INFO">Releasing special key ENTER.</msg>
<status status="PASS" starttime="20251005 14:58:05.885" endtime="20251005 14:58:05.893"/>
</kw>
<kw name="Sleep" library="BuiltIn">
<arg>2s</arg>
<doc>Pauses the test executed for the given time.</doc>
<msg timestamp="20251005 14:58:07.894" level="INFO">Slept 2 seconds</msg>
<status status="PASS" starttime="20251005 14:58:05.894" endtime="20251005 14:58:07.894"/>
</kw>
<kw name="Input Text" library="SeleniumLibrary">
<arg>${email_field}</arg>
<arg>${email}</arg>
<doc>Types the given ``text`` into the text field identified by ``locator``.</doc>
<msg timestamp="20251005 14:58:07.898" level="INFO">Typing text 'jenar.testjXAByl@example.com' into text field '//input[@placeholder="Email" or @name="email"]'.</msg>
<status status="PASS" starttime="20251005 14:58:07.896" endtime="20251005 14:58:07.992"/>
</kw>
<kw name="Input Text" library="SeleniumLibrary">
<arg>${password_field}</arg>
<arg>Password123</arg>
<doc>Types the given ``text`` into the text field identified by ``locator``.</doc>
<msg timestamp="20251005 14:58:07.995" level="INFO">Typing text 'Password123' into text field '//input[@name="new_password"]'.</msg>
<status status="PASS" starttime="20251005 14:58:07.994" endtime="20251005 14:58:08.045"/>
</kw>
<kw name="Input Text" library="SeleniumLibrary">
<arg>${confirm_password_field}</arg>
<arg>Password123</arg>
<doc>Types the given ``text`` into the text field identified by ``locator``.</doc>
<msg timestamp="20251005 14:58:08.046" level="INFO">Typing text 'Password123' into text field '//input[@name="confirm_password"]'.</msg>
<status status="PASS" starttime="20251005 14:58:08.046" endtime="20251005 14:58:08.103"/>
</kw>
<kw name="Click Element" library="SeleniumLibrary">
<arg>${selanjutnya_button}</arg>
<doc>Click the element identified by ``locator``.</doc>
<msg timestamp="20251005 14:58:08.105" level="INFO">Clicking element '//button[text()="Selanjutnya"]'.</msg>
<status status="PASS" starttime="20251005 14:58:08.104" endtime="20251005 14:58:08.164"/>
</kw>
<kw name="Sleep" library="BuiltIn">
<arg>2s</arg>
<doc>Pauses the test executed for the given time.</doc>
<msg timestamp="20251005 14:58:10.172" level="INFO">Slept 2 seconds</msg>
<status status="PASS" starttime="20251005 14:58:08.165" endtime="20251005 14:58:10.172"/>
</kw>
<kw name="Capture Page Screenshot" library="SeleniumLibrary">
<doc>Takes a screenshot of the current page and embeds it into a log file.</doc>
<msg timestamp="20251005 14:58:10.344" level="INFO" html="true">&lt;/td&gt;&lt;/tr&gt;&lt;tr&gt;&lt;td colspan="3"&gt;&lt;a href="selenium-screenshot-18.png"&gt;&lt;img src="selenium-screenshot-18.png" width="800px"&gt;&lt;/a&gt;</msg>
<status status="PASS" starttime="20251005 14:58:10.174" endtime="20251005 14:58:10.345"/>
</kw>
<status status="PASS" starttime="20251005 14:57:39.252" endtime="20251005 14:58:10.346"/>
</kw>
<kw name="And Validasi user berada di halaman Data Pembayaran" library="register_keywords">
<kw name="Wait Until Page Contains Element" library="SeleniumLibrary">
<arg>${data_pembayaran_information}</arg>
<arg>10s</arg>
<doc>Waits until the element ``locator`` appears on the current page.</doc>
<status status="PASS" starttime="20251005 14:58:10.349" endtime="20251005 14:58:10.367"/>
</kw>
<kw name="Element Should Be Visible" library="SeleniumLibrary">
<arg>${data_pembayaran_information}</arg>
<doc>Verifies that the element identified by ``locator`` is visible.</doc>
<msg timestamp="20251005 14:58:10.391" level="INFO">Element '//*[text()="Info Nomor Rekening"]' is displayed.</msg>
<status status="PASS" starttime="20251005 14:58:10.368" endtime="20251005 14:58:10.392"/>
</kw>
<kw name="Capture Page Screenshot" library="SeleniumLibrary">
<doc>Takes a screenshot of the current page and embeds it into a log file.</doc>
<msg timestamp="20251005 14:58:10.548" level="INFO" html="true">&lt;/td&gt;&lt;/tr&gt;&lt;tr&gt;&lt;td colspan="3"&gt;&lt;a href="selenium-screenshot-19.png"&gt;&lt;img src="selenium-screenshot-19.png" width="800px"&gt;&lt;/a&gt;</msg>
<status status="PASS" starttime="20251005 14:58:10.393" endtime="20251005 14:58:10.548"/>
</kw>
<status status="PASS" starttime="20251005 14:58:10.347" endtime="20251005 14:58:10.550"/>
</kw>
<kw name="And Fill Register Form in Data Pembayaran with valid data" library="register_keywords">
<kw name="Input Text" library="SeleniumLibrary">
<arg>${nomor_rekening_field}</arg>
<arg>8312319529</arg>
<doc>Types the given ``text`` into the text field identified by ``locator``.</doc>
<msg timestamp="20251005 14:58:10.552" level="INFO">Typing text '8312319529' into text field '//input[@placeholder="Nomor Rekening"]'.</msg>
<status status="PASS" starttime="20251005 14:58:10.551" endtime="20251005 14:58:10.621"/>
</kw>
<kw name="Click Element" library="SeleniumLibrary">
<arg>${sumber_dana_option}</arg>
<doc>Click the element identified by ``locator``.</doc>
<msg timestamp="20251005 14:58:10.622" level="INFO">Clicking element '//input[@aria-placeholder="Pilih Sumber Tabungan"]'.</msg>
<status status="PASS" starttime="20251005 14:58:10.621" endtime="20251005 14:58:10.668"/>
</kw>
<kw name="Sleep" library="BuiltIn">
<arg>2s</arg>
<doc>Pauses the test executed for the given time.</doc>
<msg timestamp="20251005 14:58:12.671" level="INFO">Slept 2 seconds</msg>
<status status="PASS" starttime="20251005 14:58:10.669" endtime="20251005 14:58:12.671"/>
</kw>
<kw name="Input Text" library="SeleniumLibrary">
<arg>${sumber_dana_option}</arg>
<arg>Gaji</arg>
<doc>Types the given ``text`` into the text field identified by ``locator``.</doc>
<msg timestamp="20251005 14:58:12.675" level="INFO">Typing text 'Gaji' into text field '//input[@aria-placeholder="Pilih Sumber Tabungan"]'.</msg>
<status status="PASS" starttime="20251005 14:58:12.674" endtime="20251005 14:58:12.736"/>
</kw>
<kw name="Press Keys" library="SeleniumLibrary">
<arg>NONE</arg>
<arg>ENTER</arg>
<doc>Simulates the user pressing key(s) to an element or on the active browser.</doc>
<msg timestamp="20251005 14:58:12.738" level="INFO">Sending key(s) ('ENTER',) to page.</msg>
<msg timestamp="20251005 14:58:12.739" level="INFO">Pressing special key ENTER to browser.</msg>
<msg timestamp="20251005 14:58:12.739" level="INFO">Releasing special key ENTER.</msg>
<status status="PASS" starttime="20251005 14:58:12.738" endtime="20251005 14:58:12.744"/>
</kw>
<kw name="Sleep" library="BuiltIn">
<arg>2s</arg>
<doc>Pauses the test executed for the given time.</doc>
<msg timestamp="20251005 14:58:14.756" level="INFO">Slept 2 seconds</msg>
<status status="PASS" starttime="20251005 14:58:12.745" endtime="20251005 14:58:14.756"/>
</kw>
<kw name="Click Element" library="SeleniumLibrary">
<arg>${bank_option}</arg>
<doc>Click the element identified by ``locator``.</doc>
<msg timestamp="20251005 14:58:14.760" level="INFO">Clicking element '//input[@aria-placeholder="Pilih Bank"]'.</msg>
<status status="PASS" starttime="20251005 14:58:14.759" endtime="20251005 14:58:14.827"/>
</kw>
<kw name="Sleep" library="BuiltIn">
<arg>2s</arg>
<doc>Pauses the test executed for the given time.</doc>
<msg timestamp="20251005 14:58:16.845" level="INFO">Slept 2 seconds</msg>
<status status="PASS" starttime="20251005 14:58:14.828" endtime="20251005 14:58:16.845"/>
</kw>
<kw name="Input Text" library="SeleniumLibrary">
<arg>${bank_option}</arg>
<arg>BCA</arg>
<doc>Types the given ``text`` into the text field identified by ``locator``.</doc>
<msg timestamp="20251005 14:58:16.850" level="INFO">Typing text 'BCA' into text field '//input[@aria-placeholder="Pilih Bank"]'.</msg>
<status status="PASS" starttime="20251005 14:58:16.848" endtime="20251005 14:58:16.927"/>
</kw>
<kw name="Press Keys" library="SeleniumLibrary">
<arg>NONE</arg>
<arg>ENTER</arg>
<doc>Simulates the user pressing key(s) to an element or on the active browser.</doc>
<msg timestamp="20251005 14:58:16.929" level="INFO">Sending key(s) ('ENTER',) to page.</msg>
<msg timestamp="20251005 14:58:16.929" level="INFO">Pressing special key ENTER to browser.</msg>
<msg timestamp="20251005 14:58:16.929" level="INFO">Releasing special key ENTER.</msg>
<status status="PASS" starttime="20251005 14:58:16.928" endtime="20251005 14:58:16.935"/>
</kw>
<kw name="Sleep" library="BuiltIn">
<arg>2s</arg>
<doc>Pauses the test executed for the given time.</doc>
<msg timestamp="20251005 14:58:18.938" level="INFO">Slept 2 seconds</msg>
<status status="PASS" starttime="20251005 14:58:16.936" endtime="20251005 14:58:18.938"/>
</kw>
<kw name="Click Element" library="SeleniumLibrary">
<arg>${metode_pembayaran_option}</arg>
<doc>Click the element identified by ``locator``.</doc>
<msg timestamp="20251005 14:58:18.942" level="INFO">Clicking element '//input[@aria-placeholder="Pilih Metode Pembayaran"]'.</msg>
<status status="PASS" starttime="20251005 14:58:18.940" endtime="20251005 14:58:19.012"/>
</kw>
<kw name="Sleep" library="BuiltIn">
<arg>2s</arg>
<doc>Pauses the test executed for the given time.</doc>
<msg timestamp="20251005 14:58:21.025" level="INFO">Slept 2 seconds</msg>
<status status="PASS" starttime="20251005 14:58:19.014" endtime="20251005 14:58:21.025"/>
</kw>
<kw name="Input Text" library="SeleniumLibrary">
<arg>${metode_pembayaran_option}</arg>
<arg>Debit</arg>
<doc>Types the given ``text`` into the text field identified by ``locator``.</doc>
<msg timestamp="20251005 14:58:21.029" level="INFO">Typing text 'Debit' into text field '//input[@aria-placeholder="Pilih Metode Pembayaran"]'.</msg>
<status status="PASS" starttime="20251005 14:58:21.028" endtime="20251005 14:58:21.096"/>
</kw>
<kw name="Press Keys" library="SeleniumLibrary">
<arg>NONE</arg>
<arg>ENTER</arg>
<doc>Simulates the user pressing key(s) to an element or on the active browser.</doc>
<msg timestamp="20251005 14:58:21.098" level="INFO">Sending key(s) ('ENTER',) to page.</msg>
<msg timestamp="20251005 14:58:21.098" level="INFO">Pressing special key ENTER to browser.</msg>
<msg timestamp="20251005 14:58:21.098" level="INFO">Releasing special key ENTER.</msg>
<status status="PASS" starttime="20251005 14:58:21.097" endtime="20251005 14:58:21.105"/>
</kw>
<kw name="Sleep" library="BuiltIn">
<arg>2s</arg>
<doc>Pauses the test executed for the given time.</doc>
<msg timestamp="20251005 14:58:23.106" level="INFO">Slept 2 seconds</msg>
<status status="PASS" starttime="20251005 14:58:21.106" endtime="20251005 14:58:23.106"/>
</kw>
<kw name="Input Text" library="SeleniumLibrary">
<arg>${nama_pemilik_field}</arg>
<arg>Jenar K</arg>
<doc>Types the given ``text`` into the text field identified by ``locator``.</doc>
<msg timestamp="20251005 14:58:23.111" level="INFO">Typing text 'Jenar K' into text field '//input[@placeholder="Nama Pemilik Rekening"]'.</msg>
<status status="PASS" starttime="20251005 14:58:23.109" endtime="20251005 14:58:23.178"/>
</kw>
<kw name="Sleep" library="BuiltIn">
<arg>2s</arg>
<doc>Pauses the test executed for the given time.</doc>
<msg timestamp="20251005 14:58:25.182" level="INFO">Slept 2 seconds</msg>
<status status="PASS" starttime="20251005 14:58:23.178" endtime="20251005 14:58:25.182"/>
</kw>
<kw name="Capture Page Screenshot" library="SeleniumLibrary">
<doc>Takes a screenshot of the current page and embeds it into a log file.</doc>
<msg timestamp="20251005 14:58:25.341" level="INFO" html="true">&lt;/td&gt;&lt;/tr&gt;&lt;tr&gt;&lt;td colspan="3"&gt;&lt;a href="selenium-screenshot-20.png"&gt;&lt;img src="selenium-screenshot-20.png" width="800px"&gt;&lt;/a&gt;</msg>
<status status="PASS" starttime="20251005 14:58:25.185" endtime="20251005 14:58:25.341"/>
</kw>
<kw name="Click Element" library="SeleniumLibrary">
<arg>${daftar_button}</arg>
<doc>Click the element identified by ``locator``.</doc>
<msg timestamp="20251005 14:58:25.344" level="INFO">Clicking element '//button[text()="Daftar"]'.</msg>
<status status="PASS" starttime="20251005 14:58:25.343" endtime="20251005 14:58:25.393"/>
</kw>
<status status="PASS" starttime="20251005 14:58:10.551" endtime="20251005 14:58:25.394"/>
</kw>
<kw name="Then Muncul toast sukses data berhasil ditambahkan" library="register_keywords">
<kw name="Wait Until Page Contains Element" library="SeleniumLibrary">
<arg>${toast_sukses}</arg>
<arg>10s</arg>
<doc>Waits until the element ``locator`` appears on the current page.</doc>
<status status="PASS" starttime="20251005 14:58:25.395" endtime="20251005 14:58:25.655"/>
</kw>
<kw name="Wait Until Element Is Visible" library="SeleniumLibrary">
<arg>${toast_sukses}</arg>
<arg>10s</arg>
<doc>Waits until the element ``locator`` is visible.</doc>
<status status="PASS" starttime="20251005 14:58:25.656" endtime="20251005 14:58:26.131"/>
</kw>
<kw name="Element Should Be Visible" library="SeleniumLibrary">
<arg>${toast_sukses}</arg>
<doc>Verifies that the element identified by ``locator`` is visible.</doc>
<msg timestamp="20251005 14:58:26.146" level="INFO">Element '//*[text()="Data baru berhasil ditambahkan"]' is displayed.</msg>
<status status="PASS" starttime="20251005 14:58:26.131" endtime="20251005 14:58:26.146"/>
</kw>
<kw name="Capture Page Screenshot" library="SeleniumLibrary">
<doc>Takes a screenshot of the current page and embeds it into a log file.</doc>
<msg timestamp="20251005 14:58:26.464" level="INFO" html="true">&lt;/td&gt;&lt;/tr&gt;&lt;tr&gt;&lt;td colspan="3"&gt;&lt;a href="selenium-screenshot-21.png"&gt;&lt;img src="selenium-screenshot-21.png" width="800px"&gt;&lt;/a&gt;</msg>
<status status="PASS" starttime="20251005 14:58:26.148" endtime="20251005 14:58:26.464"/>
</kw>
<status status="PASS" starttime="20251005 14:58:25.395" endtime="20251005 14:58:26.465"/>
</kw>
<kw name="Close Browser" library="SeleniumLibrary" type="TEARDOWN">
<doc>Closes the current browser.</doc>
<status status="PASS" starttime="20251005 14:58:26.468" endtime="20251005 14:58:28.628"/>
</kw>
<status status="PASS" starttime="20251005 14:57:36.295" endtime="20251005 14:58:28.630"/>
</test>
<status status="PASS" starttime="20251005 14:57:35.740" endtime="20251005 14:58:28.642"/>
</suite>
<status status="PASS" starttime="20251005 14:56:34.118" endtime="20251005 14:58:28.662"/>
</suite>
<statistics>
<total>
<stat pass="3" fail="0" skip="0">All Tests</stat>
</total>
<tag>
</tag>
<suite>
<stat pass="3" fail="0" skip="0" id="s1" name="Tests">Tests</stat>
<stat pass="1" fail="0" skip="0" id="s1-s1" name="Deposit Test">Tests.Deposit Test</stat>
<stat pass="1" fail="0" skip="0" id="s1-s2" name="Login Test">Tests.Login Test</stat>
<stat pass="1" fail="0" skip="0" id="s1-s3" name="Register Test">Tests.Register Test</stat>
</suite>
</statistics>
<errors>
</errors>
</robot>
